<?xml version="1.0" encoding="UTF-8"?>
<testsuite xmlns:xsi="http://www.w3.org/2001/XMLSchema-instance" xsi:noNamespaceSchemaLocation="https://maven.apache.org/surefire/maven-surefire-plugin/xsd/surefire-test-report-3.0.xsd" version="3.0" name="com.assign.TuneTribe.TuneTribeApplicationTests" time="7.36" tests="1" errors="0" skipped="0" failures="0">
  <properties>
[...]
</properties>
  <testcase name="contextLoads" classname="com.assign.TuneTribe.TuneTribeApplicationTests" time="0.667">
    <system-out><![CDATA[20:35:37.710 [main] INFO org.springframework.test.context.support.AnnotationConfigContextLoaderUtils -- Could not detect default configuration classes for test class [com.assign.TuneTribe.TuneTribeApplicationTests]: TuneTribeApplicationTests does not declare any static, non-private, non-final, nested classes annotated with @Configuration.
20:35:37.876 [main] INFO org.springframework.boot.test.context.SpringBootTestContextBootstrapper -- Found @SpringBootConfiguration com.assign.TuneTribe.TuneTribeApplication for test class com.assign.TuneTribe.TuneTribeApplicationTests
20:35:38.120 [main] INFO org.springframework.boot.devtools.restart.RestartApplicationListener -- Restart disabled due to context in which it is running

  .   ____          _            __ _ _
 /\\ / ___'_ __ _ _(_)_ __  __ _ \ \ \ \
( ( )\___ | '_ | '_| | '_ \/ _` | \ \ \ \
 \\/  ___)| |_)| | | | | || (_| |  ) ) ) )
  '  |____| .__|_| |_|_| |_\__, | / / / /
 =========|_|==============|___/=/_/_/_/
 :: Spring Boot ::                (v3.2.4)

2024-04-26T20:35:38.428-04:00  INFO 28876 --- [           main] c.a.TuneTribe.TuneTribeApplicationTests  : Starting TuneTribeApplicationTests using Java 18.0.2.1 with PID 28876 (started by Mauricio in C:\Users\Mauricio\OneDrive - UNCG\CSC 340.02 Workspace\TuneTribe\TuneTribe)
2024-04-26T20:35:38.430-04:00  INFO 28876 --- [           main] c.a.TuneTribe.TuneTribeApplicationTests  : No active profile set, falling back to 1 default profile: "default"
2024-04-26T20:35:39.447-04:00  INFO 28876 --- [           main] .s.d.r.c.RepositoryConfigurationDelegate : Bootstrapping Spring Data JPA repositories in DEFAULT mode.
2024-04-26T20:35:39.545-04:00  INFO 28876 --- [           main] .s.d.r.c.RepositoryConfigurationDelegate : Finished Spring Data repository scanning in 84 ms. Found 3 JPA repository interfaces.
2024-04-26T20:35:40.244-04:00  INFO 28876 --- [           main] o.hibernate.jpa.internal.util.LogHelper  : HHH000204: Processing PersistenceUnitInfo [name: default]
2024-04-26T20:35:40.314-04:00  INFO 28876 --- [           main] org.hibernate.Version                    : HHH000412: Hibernate ORM core version 6.4.4.Final
2024-04-26T20:35:40.357-04:00  INFO 28876 --- [           main] o.h.c.internal.RegionFactoryInitiator    : HHH000026: Second-level cache disabled
2024-04-26T20:35:40.695-04:00  INFO 28876 --- [           main] o.s.o.j.p.SpringPersistenceUnitInfo      : No LoadTimeWeaver setup: ignoring JPA class transformer
2024-04-26T20:35:40.737-04:00  INFO 28876 --- [           main] com.zaxxer.hikari.HikariDataSource       : HikariPool-1 - Starting...
2024-04-26T20:35:40.956-04:00  INFO 28876 --- [           main] com.zaxxer.hikari.pool.HikariPool        : HikariPool-1 - Added connection com.mysql.cj.jdbc.ConnectionImpl@67a8bcbb
2024-04-26T20:35:40.961-04:00  INFO 28876 --- [           main] com.zaxxer.hikari.HikariDataSource       : HikariPool-1 - Start completed.
2024-04-26T20:35:41.036-04:00  WARN 28876 --- [           main] org.hibernate.dialect.Dialect            : HHH000511: The 5.5.0 version for [org.hibernate.dialect.MySQLDialect] is no longer supported, hence certain features may not work properly. The minimum supported version is 8.0.0. Check the community dialects project for available legacy versions.
2024-04-26T20:35:42.311-04:00  INFO 28876 --- [           main] o.h.e.t.j.p.i.JtaPlatformInitiator       : HHH000489: No JTA platform available (set 'hibernate.transaction.jta.platform' to enable JTA platform integration)
2024-04-26T20:35:42.445-04:00  INFO 28876 --- [           main] j.LocalContainerEntityManagerFactoryBean : Initialized JPA EntityManagerFactory for persistence unit 'default'
2024-04-26T20:35:43.188-04:00  WARN 28876 --- [           main] JpaBaseConfiguration$JpaWebConfiguration : spring.jpa.open-in-view is enabled by default. Therefore, database queries may be performed during view rendering. Explicitly configure spring.jpa.open-in-view to disable this warning
2024-04-26T20:35:43.668-04:00  INFO 28876 --- [           main] o.s.s.web.DefaultSecurityFilterChain     : Will secure any request with [org.springframework.security.web.session.DisableEncodeUrlFilter@ad6255e, org.springframework.security.web.context.request.async.WebAsyncManagerIntegrationFilter@81a56b2, org.springframework.security.web.context.SecurityContextHolderFilter@192aeae2, org.springframework.security.web.header.HeaderWriterFilter@68a7f77a, org.springframework.web.filter.CorsFilter@488c6c98, org.springframework.security.web.authentication.logout.LogoutFilter@4d1f168, org.springframework.security.web.authentication.UsernamePasswordAuthenticationFilter@32182bf8, org.springframework.security.web.savedrequest.RequestCacheAwareFilter@28d1b2f, org.springframework.security.web.servletapi.SecurityContextHolderAwareRequestFilter@5f32de90, org.springframework.security.web.authentication.AnonymousAuthenticationFilter@2530baf6, org.springframework.security.web.access.ExceptionTranslationFilter@43735ea0, org.springframework.security.web.access.intercept.AuthorizationFilter@77511e9c]
2024-04-26T20:35:44.138-04:00  INFO 28876 --- [           main] c.a.TuneTribe.TuneTribeApplicationTests  : Started TuneTribeApplicationTests in 6.03 seconds (process running for 7.377)
]]></system-out>
  </testcase>
</testsuite>